[2024-08-07 21:09:55,503] Shioris-MacBook-Air/INFO/locust.main: Run time limit set to 10 seconds
[2024-08-07 21:09:55,503] Shioris-MacBook-Air/INFO/locust.main: Starting Locust 2.31.2
[2024-08-07 21:09:55,503] Shioris-MacBook-Air/INFO/locust.runners: Ramping to 5 users at a rate of 1.00 per second
[2024-08-07 21:09:55,503] Shioris-MacBook-Air/DEBUG/locust.runners: Ramping to {"MyMobileUser": 0, "MyWebUser": 1} (1 total users)
[2024-08-07 21:09:55,503] Shioris-MacBook-Air/DEBUG/locust.runners: Spawning additional {"MyWebUser": 1} ({"MyWebUser": 0, "MyMobileUser": 0} already running)...
[2024-08-07 21:09:55,504] Shioris-MacBook-Air/DEBUG/locust.runners: 1 users spawned
[2024-08-07 21:09:55,504] Shioris-MacBook-Air/DEBUG/locust.runners: All users of class MyWebUser spawned
[2024-08-07 21:09:55,504] Shioris-MacBook-Air/DEBUG/locust.runners: 0 users have been stopped, 1 still running
[2024-08-07 21:09:56,505] Shioris-MacBook-Air/DEBUG/locust.runners: Ramping to {"MyMobileUser": 1, "MyWebUser": 1} (2 total users)
[2024-08-07 21:09:56,506] Shioris-MacBook-Air/DEBUG/locust.runners: Spawning additional {"MyMobileUser": 1} ({"MyWebUser": 1, "MyMobileUser": 0} already running)...
[2024-08-07 21:09:56,506] Shioris-MacBook-Air/DEBUG/locust.runners: 2 users spawned
[2024-08-07 21:09:56,506] Shioris-MacBook-Air/DEBUG/locust.runners: All users of class MyMobileUser spawned
[2024-08-07 21:09:56,506] Shioris-MacBook-Air/DEBUG/locust.runners: 0 users have been stopped, 2 still running
[2024-08-07 21:09:57,509] Shioris-MacBook-Air/DEBUG/locust.runners: Ramping to {"MyMobileUser": 1, "MyWebUser": 2} (3 total users)
[2024-08-07 21:09:57,509] Shioris-MacBook-Air/DEBUG/locust.runners: Spawning additional {"MyWebUser": 1} ({"MyWebUser": 1, "MyMobileUser": 1} already running)...
[2024-08-07 21:09:57,510] Shioris-MacBook-Air/DEBUG/locust.runners: 3 users spawned
[2024-08-07 21:09:57,510] Shioris-MacBook-Air/DEBUG/locust.runners: All users of class MyWebUser spawned
[2024-08-07 21:09:57,510] Shioris-MacBook-Air/DEBUG/locust.runners: 0 users have been stopped, 3 still running
[2024-08-07 21:09:58,514] Shioris-MacBook-Air/DEBUG/locust.runners: Ramping to {"MyMobileUser": 1, "MyWebUser": 3} (4 total users)
[2024-08-07 21:09:58,515] Shioris-MacBook-Air/DEBUG/locust.runners: Spawning additional {"MyWebUser": 1} ({"MyWebUser": 2, "MyMobileUser": 1} already running)...
[2024-08-07 21:09:58,515] Shioris-MacBook-Air/DEBUG/locust.runners: 4 users spawned
[2024-08-07 21:09:58,515] Shioris-MacBook-Air/DEBUG/locust.runners: All users of class MyWebUser spawned
[2024-08-07 21:09:58,515] Shioris-MacBook-Air/DEBUG/locust.runners: 0 users have been stopped, 4 still running
[2024-08-07 21:09:59,515] Shioris-MacBook-Air/DEBUG/locust.runners: Ramping to {"MyMobileUser": 1, "MyWebUser": 4} (5 total users)
[2024-08-07 21:09:59,515] Shioris-MacBook-Air/DEBUG/locust.runners: Spawning additional {"MyWebUser": 1} ({"MyWebUser": 3, "MyMobileUser": 1} already running)...
[2024-08-07 21:09:59,515] Shioris-MacBook-Air/DEBUG/locust.runners: 5 users spawned
[2024-08-07 21:09:59,515] Shioris-MacBook-Air/DEBUG/locust.runners: All users of class MyWebUser spawned
[2024-08-07 21:09:59,516] Shioris-MacBook-Air/DEBUG/locust.runners: 0 users have been stopped, 5 still running
[2024-08-07 21:09:59,516] Shioris-MacBook-Air/INFO/locust.runners: All users spawned: {"MyMobileUser": 1, "MyWebUser": 4} (5 total users)
[2024-08-07 21:10:05,434] Shioris-MacBook-Air/INFO/locust.main: --run-time limit reached, shutting down
[2024-08-07 21:10:05,473] Shioris-MacBook-Air/DEBUG/locust.runners: Stopping all users (called from /Users/shiorichiku/Documents/meeco/dev/LearnLocust/env/lib/python3.12/site-packages/locust/runners.py:551)
[2024-08-07 21:10:05,473] Shioris-MacBook-Air/DEBUG/locust.runners: Stopping Greenlet-0
[2024-08-07 21:10:05,473] Shioris-MacBook-Air/DEBUG/locust.runners: Stopping Greenlet-1
[2024-08-07 21:10:05,473] Shioris-MacBook-Air/DEBUG/locust.runners: Stopping Greenlet-2
[2024-08-07 21:10:05,473] Shioris-MacBook-Air/DEBUG/locust.runners: Stopping Greenlet-3
[2024-08-07 21:10:05,473] Shioris-MacBook-Air/DEBUG/locust.runners: Stopping Greenlet-4
[2024-08-07 21:10:05,473] Shioris-MacBook-Air/DEBUG/locust.runners: 5 users have been stopped, 0 still running
[2024-08-07 21:10:05,473] Shioris-MacBook-Air/DEBUG/locust.main: Running teardowns...
[2024-08-07 21:10:05,473] Shioris-MacBook-Air/INFO/locust.main: Shutting down (exit code 0)
[2024-08-07 21:10:05,473] Shioris-MacBook-Air/DEBUG/locust.main: Cleaning up runner...
[2024-08-07 21:12:47,871] Shioris-MacBook-Air/INFO/locust.main: Run time limit set to 10 seconds
[2024-08-07 21:12:47,872] Shioris-MacBook-Air/INFO/locust.main: Starting Locust 2.31.2
[2024-08-07 21:12:47,872] Shioris-MacBook-Air/INFO/locust.runners: Ramping to 5 users at a rate of 1.00 per second
[2024-08-07 21:12:47,872] Shioris-MacBook-Air/DEBUG/locust.runners: Ramping to {"MyWebUser": 1} (1 total users)
[2024-08-07 21:12:47,872] Shioris-MacBook-Air/DEBUG/locust.runners: Spawning additional {"MyWebUser": 1} ({"MyWebUser": 0} already running)...
[2024-08-07 21:12:47,872] Shioris-MacBook-Air/DEBUG/locust.runners: 1 users spawned
[2024-08-07 21:12:47,872] Shioris-MacBook-Air/DEBUG/locust.runners: All users of class MyWebUser spawned
[2024-08-07 21:12:47,872] Shioris-MacBook-Air/DEBUG/locust.runners: 0 users have been stopped, 1 still running
[2024-08-07 21:12:48,874] Shioris-MacBook-Air/DEBUG/locust.runners: Ramping to {"MyWebUser": 2} (2 total users)
[2024-08-07 21:12:48,875] Shioris-MacBook-Air/DEBUG/locust.runners: Spawning additional {"MyWebUser": 1} ({"MyWebUser": 1} already running)...
[2024-08-07 21:12:48,875] Shioris-MacBook-Air/DEBUG/locust.runners: 2 users spawned
[2024-08-07 21:12:48,875] Shioris-MacBook-Air/DEBUG/locust.runners: All users of class MyWebUser spawned
[2024-08-07 21:12:48,875] Shioris-MacBook-Air/DEBUG/locust.runners: 0 users have been stopped, 2 still running
[2024-08-07 21:12:49,879] Shioris-MacBook-Air/DEBUG/locust.runners: Ramping to {"MyWebUser": 3} (3 total users)
[2024-08-07 21:12:49,879] Shioris-MacBook-Air/DEBUG/locust.runners: Spawning additional {"MyWebUser": 1} ({"MyWebUser": 2} already running)...
[2024-08-07 21:12:49,879] Shioris-MacBook-Air/DEBUG/locust.runners: 3 users spawned
[2024-08-07 21:12:49,880] Shioris-MacBook-Air/DEBUG/locust.runners: All users of class MyWebUser spawned
[2024-08-07 21:12:49,880] Shioris-MacBook-Air/DEBUG/locust.runners: 0 users have been stopped, 3 still running
[2024-08-07 21:12:50,884] Shioris-MacBook-Air/DEBUG/locust.runners: Ramping to {"MyWebUser": 4} (4 total users)
[2024-08-07 21:12:50,885] Shioris-MacBook-Air/DEBUG/locust.runners: Spawning additional {"MyWebUser": 1} ({"MyWebUser": 3} already running)...
[2024-08-07 21:12:50,885] Shioris-MacBook-Air/DEBUG/locust.runners: 4 users spawned
[2024-08-07 21:12:50,885] Shioris-MacBook-Air/DEBUG/locust.runners: All users of class MyWebUser spawned
[2024-08-07 21:12:50,885] Shioris-MacBook-Air/DEBUG/locust.runners: 0 users have been stopped, 4 still running
[2024-08-07 21:12:51,890] Shioris-MacBook-Air/DEBUG/locust.runners: Ramping to {"MyWebUser": 5} (5 total users)
[2024-08-07 21:12:51,890] Shioris-MacBook-Air/DEBUG/locust.runners: Spawning additional {"MyWebUser": 1} ({"MyWebUser": 4} already running)...
[2024-08-07 21:12:51,890] Shioris-MacBook-Air/DEBUG/locust.runners: 5 users spawned
[2024-08-07 21:12:51,890] Shioris-MacBook-Air/DEBUG/locust.runners: All users of class MyWebUser spawned
[2024-08-07 21:12:51,890] Shioris-MacBook-Air/DEBUG/locust.runners: 0 users have been stopped, 5 still running
[2024-08-07 21:12:51,890] Shioris-MacBook-Air/INFO/locust.runners: All users spawned: {"MyWebUser": 5} (5 total users)
[2024-08-07 21:12:57,729] Shioris-MacBook-Air/INFO/locust.main: --run-time limit reached, shutting down
[2024-08-07 21:12:57,767] Shioris-MacBook-Air/DEBUG/locust.runners: Stopping all users (called from /Users/shiorichiku/Documents/meeco/dev/LearnLocust/env/lib/python3.12/site-packages/locust/runners.py:551)
[2024-08-07 21:12:57,768] Shioris-MacBook-Air/DEBUG/locust.runners: Stopping Greenlet-0
[2024-08-07 21:12:57,768] Shioris-MacBook-Air/DEBUG/locust.runners: Stopping Greenlet-1
[2024-08-07 21:12:57,768] Shioris-MacBook-Air/DEBUG/locust.runners: Stopping Greenlet-2
[2024-08-07 21:12:57,768] Shioris-MacBook-Air/DEBUG/locust.runners: Stopping Greenlet-3
[2024-08-07 21:12:57,768] Shioris-MacBook-Air/DEBUG/locust.runners: Stopping Greenlet-4
[2024-08-07 21:12:57,768] Shioris-MacBook-Air/DEBUG/locust.runners: 5 users have been stopped, 0 still running
[2024-08-07 21:12:57,769] Shioris-MacBook-Air/DEBUG/locust.main: Running teardowns...
[2024-08-07 21:12:57,769] Shioris-MacBook-Air/INFO/locust.main: Shutting down (exit code 0)
[2024-08-07 21:12:57,769] Shioris-MacBook-Air/DEBUG/locust.main: Cleaning up runner...
[2024-08-07 21:14:53,011] Shioris-MacBook-Air/INFO/locust.main: Run time limit set to 10 seconds
[2024-08-07 21:14:53,012] Shioris-MacBook-Air/INFO/locust.main: Starting Locust 2.31.2
[2024-08-07 21:14:53,012] Shioris-MacBook-Air/INFO/locust.runners: Ramping to 5 users at a rate of 1.00 per second
[2024-08-07 21:14:53,012] Shioris-MacBook-Air/DEBUG/locust.runners: Ramping to {"MyWebUser": 1} (1 total users)
[2024-08-07 21:14:53,012] Shioris-MacBook-Air/DEBUG/locust.runners: Spawning additional {"MyWebUser": 1} ({"MyWebUser": 0} already running)...
[2024-08-07 21:14:53,012] Shioris-MacBook-Air/DEBUG/locust.runners: 1 users spawned
[2024-08-07 21:14:53,012] Shioris-MacBook-Air/DEBUG/locust.runners: All users of class MyWebUser spawned
[2024-08-07 21:14:53,012] Shioris-MacBook-Air/DEBUG/locust.runners: 0 users have been stopped, 1 still running
[2024-08-07 21:14:54,017] Shioris-MacBook-Air/DEBUG/locust.runners: Ramping to {"MyWebUser": 2} (2 total users)
[2024-08-07 21:14:54,018] Shioris-MacBook-Air/DEBUG/locust.runners: Spawning additional {"MyWebUser": 1} ({"MyWebUser": 1} already running)...
[2024-08-07 21:14:54,018] Shioris-MacBook-Air/DEBUG/locust.runners: 2 users spawned
[2024-08-07 21:14:54,018] Shioris-MacBook-Air/DEBUG/locust.runners: All users of class MyWebUser spawned
[2024-08-07 21:14:54,018] Shioris-MacBook-Air/DEBUG/locust.runners: 0 users have been stopped, 2 still running
[2024-08-07 21:14:55,023] Shioris-MacBook-Air/DEBUG/locust.runners: Ramping to {"MyWebUser": 3} (3 total users)
[2024-08-07 21:14:55,023] Shioris-MacBook-Air/DEBUG/locust.runners: Spawning additional {"MyWebUser": 1} ({"MyWebUser": 2} already running)...
[2024-08-07 21:14:55,023] Shioris-MacBook-Air/DEBUG/locust.runners: 3 users spawned
[2024-08-07 21:14:55,023] Shioris-MacBook-Air/DEBUG/locust.runners: All users of class MyWebUser spawned
[2024-08-07 21:14:55,023] Shioris-MacBook-Air/DEBUG/locust.runners: 0 users have been stopped, 3 still running
[2024-08-07 21:14:56,023] Shioris-MacBook-Air/DEBUG/locust.runners: Ramping to {"MyWebUser": 4} (4 total users)
[2024-08-07 21:14:56,024] Shioris-MacBook-Air/DEBUG/locust.runners: Spawning additional {"MyWebUser": 1} ({"MyWebUser": 3} already running)...
[2024-08-07 21:14:56,024] Shioris-MacBook-Air/DEBUG/locust.runners: 4 users spawned
[2024-08-07 21:14:56,024] Shioris-MacBook-Air/DEBUG/locust.runners: All users of class MyWebUser spawned
[2024-08-07 21:14:56,024] Shioris-MacBook-Air/DEBUG/locust.runners: 0 users have been stopped, 4 still running
[2024-08-07 21:14:57,025] Shioris-MacBook-Air/DEBUG/locust.runners: Ramping to {"MyWebUser": 5} (5 total users)
[2024-08-07 21:14:57,026] Shioris-MacBook-Air/DEBUG/locust.runners: Spawning additional {"MyWebUser": 1} ({"MyWebUser": 4} already running)...
[2024-08-07 21:14:57,026] Shioris-MacBook-Air/DEBUG/locust.runners: 5 users spawned
[2024-08-07 21:14:57,026] Shioris-MacBook-Air/DEBUG/locust.runners: All users of class MyWebUser spawned
[2024-08-07 21:14:57,026] Shioris-MacBook-Air/DEBUG/locust.runners: 0 users have been stopped, 5 still running
[2024-08-07 21:14:57,026] Shioris-MacBook-Air/INFO/locust.runners: All users spawned: {"MyWebUser": 5} (5 total users)
[2024-08-07 21:15:02,872] Shioris-MacBook-Air/INFO/locust.main: --run-time limit reached, shutting down
[2024-08-07 21:15:02,892] Shioris-MacBook-Air/DEBUG/locust.runners: Stopping all users (called from /Users/shiorichiku/Documents/meeco/dev/LearnLocust/env/lib/python3.12/site-packages/locust/runners.py:551)
[2024-08-07 21:15:02,892] Shioris-MacBook-Air/DEBUG/locust.runners: Stopping Greenlet-0
[2024-08-07 21:15:02,892] Shioris-MacBook-Air/DEBUG/locust.runners: Stopping Greenlet-1
[2024-08-07 21:15:02,892] Shioris-MacBook-Air/DEBUG/locust.runners: Stopping Greenlet-2
[2024-08-07 21:15:02,892] Shioris-MacBook-Air/DEBUG/locust.runners: Stopping Greenlet-3
[2024-08-07 21:15:02,892] Shioris-MacBook-Air/DEBUG/locust.runners: Stopping Greenlet-4
[2024-08-07 21:15:02,892] Shioris-MacBook-Air/DEBUG/locust.runners: 5 users have been stopped, 0 still running
[2024-08-07 21:15:02,892] Shioris-MacBook-Air/DEBUG/locust.main: Running teardowns...
[2024-08-07 21:15:02,892] Shioris-MacBook-Air/INFO/locust.main: Shutting down (exit code 0)
[2024-08-07 21:15:02,893] Shioris-MacBook-Air/DEBUG/locust.main: Cleaning up runner...
[2024-08-07 21:15:23,064] Shioris-MacBook-Air/INFO/locust.main: Run time limit set to 10 seconds
[2024-08-07 21:15:23,064] Shioris-MacBook-Air/INFO/locust.main: Starting Locust 2.31.2
[2024-08-07 21:15:23,064] Shioris-MacBook-Air/INFO/locust.runners: Ramping to 5 users at a rate of 1.00 per second
[2024-08-07 21:15:23,064] Shioris-MacBook-Air/DEBUG/locust.runners: Ramping to {"MyWebUser": 1} (1 total users)
[2024-08-07 21:15:23,064] Shioris-MacBook-Air/DEBUG/locust.runners: Spawning additional {"MyWebUser": 1} ({"MyWebUser": 0} already running)...
[2024-08-07 21:15:23,064] Shioris-MacBook-Air/DEBUG/locust.runners: 1 users spawned
[2024-08-07 21:15:23,064] Shioris-MacBook-Air/DEBUG/locust.runners: All users of class MyWebUser spawned
[2024-08-07 21:15:23,064] Shioris-MacBook-Air/DEBUG/locust.runners: 0 users have been stopped, 1 still running
[2024-08-07 21:15:24,070] Shioris-MacBook-Air/DEBUG/locust.runners: Ramping to {"MyWebUser": 2} (2 total users)
[2024-08-07 21:15:24,070] Shioris-MacBook-Air/DEBUG/locust.runners: Spawning additional {"MyWebUser": 1} ({"MyWebUser": 1} already running)...
[2024-08-07 21:15:24,070] Shioris-MacBook-Air/DEBUG/locust.runners: 2 users spawned
[2024-08-07 21:15:24,071] Shioris-MacBook-Air/DEBUG/locust.runners: All users of class MyWebUser spawned
[2024-08-07 21:15:24,071] Shioris-MacBook-Air/DEBUG/locust.runners: 0 users have been stopped, 2 still running
[2024-08-07 21:15:25,073] Shioris-MacBook-Air/DEBUG/locust.runners: Ramping to {"MyWebUser": 3} (3 total users)
[2024-08-07 21:15:25,073] Shioris-MacBook-Air/DEBUG/locust.runners: Spawning additional {"MyWebUser": 1} ({"MyWebUser": 2} already running)...
[2024-08-07 21:15:25,073] Shioris-MacBook-Air/DEBUG/locust.runners: 3 users spawned
[2024-08-07 21:15:25,074] Shioris-MacBook-Air/DEBUG/locust.runners: All users of class MyWebUser spawned
[2024-08-07 21:15:25,074] Shioris-MacBook-Air/DEBUG/locust.runners: 0 users have been stopped, 3 still running
[2024-08-07 21:15:26,078] Shioris-MacBook-Air/DEBUG/locust.runners: Ramping to {"MyWebUser": 4} (4 total users)
[2024-08-07 21:15:26,078] Shioris-MacBook-Air/DEBUG/locust.runners: Spawning additional {"MyWebUser": 1} ({"MyWebUser": 3} already running)...
[2024-08-07 21:15:26,079] Shioris-MacBook-Air/DEBUG/locust.runners: 4 users spawned
[2024-08-07 21:15:26,079] Shioris-MacBook-Air/DEBUG/locust.runners: All users of class MyWebUser spawned
[2024-08-07 21:15:26,079] Shioris-MacBook-Air/DEBUG/locust.runners: 0 users have been stopped, 4 still running
[2024-08-07 21:15:27,082] Shioris-MacBook-Air/DEBUG/locust.runners: Ramping to {"MyWebUser": 5} (5 total users)
[2024-08-07 21:15:27,082] Shioris-MacBook-Air/DEBUG/locust.runners: Spawning additional {"MyWebUser": 1} ({"MyWebUser": 4} already running)...
[2024-08-07 21:15:27,082] Shioris-MacBook-Air/DEBUG/locust.runners: 5 users spawned
[2024-08-07 21:15:27,083] Shioris-MacBook-Air/DEBUG/locust.runners: All users of class MyWebUser spawned
[2024-08-07 21:15:27,083] Shioris-MacBook-Air/DEBUG/locust.runners: 0 users have been stopped, 5 still running
[2024-08-07 21:15:27,083] Shioris-MacBook-Air/INFO/locust.runners: All users spawned: {"MyWebUser": 5} (5 total users)
[2024-08-07 21:15:32,924] Shioris-MacBook-Air/INFO/locust.main: --run-time limit reached, shutting down
[2024-08-07 21:15:32,963] Shioris-MacBook-Air/DEBUG/locust.runners: Stopping all users (called from /Users/shiorichiku/Documents/meeco/dev/LearnLocust/env/lib/python3.12/site-packages/locust/runners.py:551)
[2024-08-07 21:15:32,963] Shioris-MacBook-Air/DEBUG/locust.runners: Stopping Greenlet-0
[2024-08-07 21:15:32,963] Shioris-MacBook-Air/DEBUG/locust.runners: Stopping Greenlet-1
[2024-08-07 21:15:32,963] Shioris-MacBook-Air/DEBUG/locust.runners: Stopping Greenlet-2
[2024-08-07 21:15:32,963] Shioris-MacBook-Air/DEBUG/locust.runners: Stopping Greenlet-3
[2024-08-07 21:15:32,963] Shioris-MacBook-Air/DEBUG/locust.runners: Stopping Greenlet-4
[2024-08-07 21:15:32,963] Shioris-MacBook-Air/DEBUG/locust.runners: 5 users have been stopped, 0 still running
[2024-08-07 21:15:32,964] Shioris-MacBook-Air/DEBUG/locust.main: Running teardowns...
[2024-08-07 21:15:32,964] Shioris-MacBook-Air/INFO/locust.main: Shutting down (exit code 0)
[2024-08-07 21:15:32,964] Shioris-MacBook-Air/DEBUG/locust.main: Cleaning up runner...
[2024-08-07 21:15:50,583] Shioris-MacBook-Air/INFO/locust.main: Run time limit set to 10 seconds
[2024-08-07 21:15:50,583] Shioris-MacBook-Air/INFO/locust.main: Starting Locust 2.31.2
[2024-08-07 21:15:50,584] Shioris-MacBook-Air/INFO/locust.runners: Ramping to 5 users at a rate of 1.00 per second
[2024-08-07 21:15:50,584] Shioris-MacBook-Air/DEBUG/locust.runners: Ramping to {"MyWebUser": 1} (1 total users)
[2024-08-07 21:15:50,584] Shioris-MacBook-Air/DEBUG/locust.runners: Spawning additional {"MyWebUser": 1} ({"MyWebUser": 0} already running)...
[2024-08-07 21:15:50,584] Shioris-MacBook-Air/DEBUG/locust.runners: 1 users spawned
[2024-08-07 21:15:50,584] Shioris-MacBook-Air/DEBUG/locust.runners: All users of class MyWebUser spawned
[2024-08-07 21:15:50,584] Shioris-MacBook-Air/DEBUG/locust.runners: 0 users have been stopped, 1 still running
[2024-08-07 21:15:51,589] Shioris-MacBook-Air/DEBUG/locust.runners: Ramping to {"MyWebUser": 2} (2 total users)
[2024-08-07 21:15:51,589] Shioris-MacBook-Air/DEBUG/locust.runners: Spawning additional {"MyWebUser": 1} ({"MyWebUser": 1} already running)...
[2024-08-07 21:15:51,590] Shioris-MacBook-Air/DEBUG/locust.runners: 2 users spawned
[2024-08-07 21:15:51,590] Shioris-MacBook-Air/DEBUG/locust.runners: All users of class MyWebUser spawned
[2024-08-07 21:15:51,590] Shioris-MacBook-Air/DEBUG/locust.runners: 0 users have been stopped, 2 still running
[2024-08-07 21:15:52,593] Shioris-MacBook-Air/DEBUG/locust.runners: Ramping to {"MyWebUser": 3} (3 total users)
[2024-08-07 21:15:52,594] Shioris-MacBook-Air/DEBUG/locust.runners: Spawning additional {"MyWebUser": 1} ({"MyWebUser": 2} already running)...
[2024-08-07 21:15:52,594] Shioris-MacBook-Air/DEBUG/locust.runners: 3 users spawned
[2024-08-07 21:15:52,594] Shioris-MacBook-Air/DEBUG/locust.runners: All users of class MyWebUser spawned
[2024-08-07 21:15:52,594] Shioris-MacBook-Air/DEBUG/locust.runners: 0 users have been stopped, 3 still running
[2024-08-07 21:15:53,598] Shioris-MacBook-Air/DEBUG/locust.runners: Ramping to {"MyWebUser": 4} (4 total users)
[2024-08-07 21:15:53,598] Shioris-MacBook-Air/DEBUG/locust.runners: Spawning additional {"MyWebUser": 1} ({"MyWebUser": 3} already running)...
[2024-08-07 21:15:53,599] Shioris-MacBook-Air/DEBUG/locust.runners: 4 users spawned
[2024-08-07 21:15:53,599] Shioris-MacBook-Air/DEBUG/locust.runners: All users of class MyWebUser spawned
[2024-08-07 21:15:53,599] Shioris-MacBook-Air/DEBUG/locust.runners: 0 users have been stopped, 4 still running
[2024-08-07 21:15:54,603] Shioris-MacBook-Air/DEBUG/locust.runners: Ramping to {"MyWebUser": 5} (5 total users)
[2024-08-07 21:15:54,604] Shioris-MacBook-Air/DEBUG/locust.runners: Spawning additional {"MyWebUser": 1} ({"MyWebUser": 4} already running)...
[2024-08-07 21:15:54,604] Shioris-MacBook-Air/DEBUG/locust.runners: 5 users spawned
[2024-08-07 21:15:54,604] Shioris-MacBook-Air/DEBUG/locust.runners: All users of class MyWebUser spawned
[2024-08-07 21:15:54,605] Shioris-MacBook-Air/DEBUG/locust.runners: 0 users have been stopped, 5 still running
[2024-08-07 21:15:54,605] Shioris-MacBook-Air/INFO/locust.runners: All users spawned: {"MyWebUser": 5} (5 total users)
[2024-08-07 21:16:00,434] Shioris-MacBook-Air/INFO/locust.main: --run-time limit reached, shutting down
[2024-08-07 21:16:00,470] Shioris-MacBook-Air/DEBUG/locust.runners: Stopping all users (called from /Users/shiorichiku/Documents/meeco/dev/LearnLocust/env/lib/python3.12/site-packages/locust/runners.py:551)
[2024-08-07 21:16:00,470] Shioris-MacBook-Air/DEBUG/locust.runners: Stopping Greenlet-0
[2024-08-07 21:16:00,470] Shioris-MacBook-Air/DEBUG/locust.runners: Stopping Greenlet-1
[2024-08-07 21:16:00,470] Shioris-MacBook-Air/DEBUG/locust.runners: Stopping Greenlet-2
[2024-08-07 21:16:00,471] Shioris-MacBook-Air/DEBUG/locust.runners: Stopping Greenlet-3
[2024-08-07 21:16:00,471] Shioris-MacBook-Air/DEBUG/locust.runners: Stopping Greenlet-4
[2024-08-07 21:16:00,471] Shioris-MacBook-Air/DEBUG/locust.runners: 5 users have been stopped, 0 still running
[2024-08-07 21:16:00,471] Shioris-MacBook-Air/DEBUG/locust.main: Running teardowns...
[2024-08-07 21:16:00,471] Shioris-MacBook-Air/INFO/locust.main: Shutting down (exit code 0)
[2024-08-07 21:16:00,471] Shioris-MacBook-Air/DEBUG/locust.main: Cleaning up runner...
[2024-08-07 21:17:01,157] Shioris-MacBook-Air/INFO/locust.main: Run time limit set to 10 seconds
[2024-08-07 21:17:01,157] Shioris-MacBook-Air/INFO/locust.main: Starting Locust 2.31.2
[2024-08-07 21:17:01,157] Shioris-MacBook-Air/INFO/locust.runners: Ramping to 5 users at a rate of 1.00 per second
[2024-08-07 21:17:01,158] Shioris-MacBook-Air/DEBUG/locust.runners: Ramping to {"MyWebUser": 1} (1 total users)
[2024-08-07 21:17:01,158] Shioris-MacBook-Air/DEBUG/locust.runners: Spawning additional {"MyWebUser": 1} ({"MyWebUser": 0} already running)...
[2024-08-07 21:17:01,158] Shioris-MacBook-Air/DEBUG/locust.runners: 1 users spawned
[2024-08-07 21:17:01,158] Shioris-MacBook-Air/DEBUG/locust.runners: All users of class MyWebUser spawned
[2024-08-07 21:17:01,158] Shioris-MacBook-Air/DEBUG/locust.runners: 0 users have been stopped, 1 still running
[2024-08-07 21:17:02,163] Shioris-MacBook-Air/DEBUG/locust.runners: Ramping to {"MyWebUser": 2} (2 total users)
[2024-08-07 21:17:02,163] Shioris-MacBook-Air/DEBUG/locust.runners: Spawning additional {"MyWebUser": 1} ({"MyWebUser": 1} already running)...
[2024-08-07 21:17:02,163] Shioris-MacBook-Air/DEBUG/locust.runners: 2 users spawned
[2024-08-07 21:17:02,164] Shioris-MacBook-Air/DEBUG/locust.runners: All users of class MyWebUser spawned
[2024-08-07 21:17:02,164] Shioris-MacBook-Air/DEBUG/locust.runners: 0 users have been stopped, 2 still running
[2024-08-07 21:17:03,167] Shioris-MacBook-Air/DEBUG/locust.runners: Ramping to {"MyWebUser": 3} (3 total users)
[2024-08-07 21:17:03,168] Shioris-MacBook-Air/DEBUG/locust.runners: Spawning additional {"MyWebUser": 1} ({"MyWebUser": 2} already running)...
[2024-08-07 21:17:03,168] Shioris-MacBook-Air/DEBUG/locust.runners: 3 users spawned
[2024-08-07 21:17:03,169] Shioris-MacBook-Air/DEBUG/locust.runners: All users of class MyWebUser spawned
[2024-08-07 21:17:03,169] Shioris-MacBook-Air/DEBUG/locust.runners: 0 users have been stopped, 3 still running
[2024-08-07 21:17:04,171] Shioris-MacBook-Air/DEBUG/locust.runners: Ramping to {"MyWebUser": 4} (4 total users)
[2024-08-07 21:17:04,172] Shioris-MacBook-Air/DEBUG/locust.runners: Spawning additional {"MyWebUser": 1} ({"MyWebUser": 3} already running)...
[2024-08-07 21:17:04,172] Shioris-MacBook-Air/DEBUG/locust.runners: 4 users spawned
[2024-08-07 21:17:04,172] Shioris-MacBook-Air/DEBUG/locust.runners: All users of class MyWebUser spawned
[2024-08-07 21:17:04,172] Shioris-MacBook-Air/DEBUG/locust.runners: 0 users have been stopped, 4 still running
[2024-08-07 21:17:05,176] Shioris-MacBook-Air/DEBUG/locust.runners: Ramping to {"MyWebUser": 5} (5 total users)
[2024-08-07 21:17:05,176] Shioris-MacBook-Air/DEBUG/locust.runners: Spawning additional {"MyWebUser": 1} ({"MyWebUser": 4} already running)...
[2024-08-07 21:17:05,177] Shioris-MacBook-Air/DEBUG/locust.runners: 5 users spawned
[2024-08-07 21:17:05,177] Shioris-MacBook-Air/DEBUG/locust.runners: All users of class MyWebUser spawned
[2024-08-07 21:17:05,177] Shioris-MacBook-Air/DEBUG/locust.runners: 0 users have been stopped, 5 still running
[2024-08-07 21:17:05,177] Shioris-MacBook-Air/INFO/locust.runners: All users spawned: {"MyWebUser": 5} (5 total users)
[2024-08-07 21:17:11,018] Shioris-MacBook-Air/INFO/locust.main: --run-time limit reached, shutting down
[2024-08-07 21:17:11,055] Shioris-MacBook-Air/DEBUG/locust.runners: Stopping all users (called from /Users/shiorichiku/Documents/meeco/dev/LearnLocust/env/lib/python3.12/site-packages/locust/runners.py:551)
[2024-08-07 21:17:11,055] Shioris-MacBook-Air/DEBUG/locust.runners: Stopping Greenlet-0
[2024-08-07 21:17:11,055] Shioris-MacBook-Air/DEBUG/locust.runners: Stopping Greenlet-1
[2024-08-07 21:17:11,056] Shioris-MacBook-Air/DEBUG/locust.runners: Stopping Greenlet-2
[2024-08-07 21:17:11,056] Shioris-MacBook-Air/DEBUG/locust.runners: Stopping Greenlet-3
[2024-08-07 21:17:11,056] Shioris-MacBook-Air/DEBUG/locust.runners: Stopping Greenlet-4
[2024-08-07 21:17:11,056] Shioris-MacBook-Air/DEBUG/locust.runners: 5 users have been stopped, 0 still running
[2024-08-07 21:17:11,056] Shioris-MacBook-Air/DEBUG/locust.main: Running teardowns...
[2024-08-07 21:17:11,056] Shioris-MacBook-Air/INFO/locust.main: Shutting down (exit code 0)
[2024-08-07 21:17:11,056] Shioris-MacBook-Air/DEBUG/locust.main: Cleaning up runner...
[2024-08-07 21:17:12,138] Shioris-MacBook-Air/INFO/locust.main: Run time limit set to 10 seconds
[2024-08-07 21:17:12,138] Shioris-MacBook-Air/INFO/locust.main: Starting Locust 2.31.2
[2024-08-07 21:17:12,138] Shioris-MacBook-Air/INFO/locust.runners: Ramping to 5 users at a rate of 1.00 per second
[2024-08-07 21:17:12,138] Shioris-MacBook-Air/DEBUG/locust.runners: Ramping to {"MyWebUser": 1} (1 total users)
[2024-08-07 21:17:12,138] Shioris-MacBook-Air/DEBUG/locust.runners: Spawning additional {"MyWebUser": 1} ({"MyWebUser": 0} already running)...
[2024-08-07 21:17:12,138] Shioris-MacBook-Air/DEBUG/locust.runners: 1 users spawned
[2024-08-07 21:17:12,138] Shioris-MacBook-Air/DEBUG/locust.runners: All users of class MyWebUser spawned
[2024-08-07 21:17:12,138] Shioris-MacBook-Air/DEBUG/locust.runners: 0 users have been stopped, 1 still running
[2024-08-07 21:17:13,140] Shioris-MacBook-Air/DEBUG/locust.runners: Ramping to {"MyWebUser": 2} (2 total users)
[2024-08-07 21:17:13,141] Shioris-MacBook-Air/DEBUG/locust.runners: Spawning additional {"MyWebUser": 1} ({"MyWebUser": 1} already running)...
[2024-08-07 21:17:13,141] Shioris-MacBook-Air/DEBUG/locust.runners: 2 users spawned
[2024-08-07 21:17:13,141] Shioris-MacBook-Air/DEBUG/locust.runners: All users of class MyWebUser spawned
[2024-08-07 21:17:13,141] Shioris-MacBook-Air/DEBUG/locust.runners: 0 users have been stopped, 2 still running
[2024-08-07 21:17:14,142] Shioris-MacBook-Air/DEBUG/locust.runners: Ramping to {"MyWebUser": 3} (3 total users)
[2024-08-07 21:17:14,143] Shioris-MacBook-Air/DEBUG/locust.runners: Spawning additional {"MyWebUser": 1} ({"MyWebUser": 2} already running)...
[2024-08-07 21:17:14,143] Shioris-MacBook-Air/DEBUG/locust.runners: 3 users spawned
[2024-08-07 21:17:14,143] Shioris-MacBook-Air/DEBUG/locust.runners: All users of class MyWebUser spawned
[2024-08-07 21:17:14,143] Shioris-MacBook-Air/DEBUG/locust.runners: 0 users have been stopped, 3 still running
[2024-08-07 21:17:15,143] Shioris-MacBook-Air/DEBUG/locust.runners: Ramping to {"MyWebUser": 4} (4 total users)
[2024-08-07 21:17:15,144] Shioris-MacBook-Air/DEBUG/locust.runners: Spawning additional {"MyWebUser": 1} ({"MyWebUser": 3} already running)...
[2024-08-07 21:17:15,144] Shioris-MacBook-Air/DEBUG/locust.runners: 4 users spawned
[2024-08-07 21:17:15,144] Shioris-MacBook-Air/DEBUG/locust.runners: All users of class MyWebUser spawned
[2024-08-07 21:17:15,144] Shioris-MacBook-Air/DEBUG/locust.runners: 0 users have been stopped, 4 still running
[2024-08-07 21:17:16,144] Shioris-MacBook-Air/DEBUG/locust.runners: Ramping to {"MyWebUser": 5} (5 total users)
[2024-08-07 21:17:16,145] Shioris-MacBook-Air/DEBUG/locust.runners: Spawning additional {"MyWebUser": 1} ({"MyWebUser": 4} already running)...
[2024-08-07 21:17:16,145] Shioris-MacBook-Air/DEBUG/locust.runners: 5 users spawned
[2024-08-07 21:17:16,145] Shioris-MacBook-Air/DEBUG/locust.runners: All users of class MyWebUser spawned
[2024-08-07 21:17:16,145] Shioris-MacBook-Air/DEBUG/locust.runners: 0 users have been stopped, 5 still running
[2024-08-07 21:17:16,146] Shioris-MacBook-Air/INFO/locust.runners: All users spawned: {"MyWebUser": 5} (5 total users)
[2024-08-07 21:17:22,070] Shioris-MacBook-Air/INFO/locust.main: --run-time limit reached, shutting down
[2024-08-07 21:17:22,106] Shioris-MacBook-Air/DEBUG/locust.runners: Stopping all users (called from /Users/shiorichiku/Documents/meeco/dev/LearnLocust/env/lib/python3.12/site-packages/locust/runners.py:551)
[2024-08-07 21:17:22,107] Shioris-MacBook-Air/DEBUG/locust.runners: Stopping Greenlet-0
[2024-08-07 21:17:22,107] Shioris-MacBook-Air/DEBUG/locust.runners: Stopping Greenlet-1
[2024-08-07 21:17:22,107] Shioris-MacBook-Air/DEBUG/locust.runners: Stopping Greenlet-2
[2024-08-07 21:17:22,107] Shioris-MacBook-Air/DEBUG/locust.runners: Stopping Greenlet-3
[2024-08-07 21:17:22,107] Shioris-MacBook-Air/DEBUG/locust.runners: Stopping Greenlet-4
[2024-08-07 21:17:22,107] Shioris-MacBook-Air/DEBUG/locust.runners: 5 users have been stopped, 0 still running
[2024-08-07 21:17:22,107] Shioris-MacBook-Air/DEBUG/locust.main: Running teardowns...
[2024-08-07 21:17:22,107] Shioris-MacBook-Air/INFO/locust.main: Shutting down (exit code 0)
[2024-08-07 21:17:22,107] Shioris-MacBook-Air/DEBUG/locust.main: Cleaning up runner...
[2024-08-07 21:17:36,303] Shioris-MacBook-Air/INFO/locust.main: Run time limit set to 10 seconds
[2024-08-07 21:17:36,304] Shioris-MacBook-Air/INFO/locust.main: Starting Locust 2.31.2
[2024-08-07 21:17:36,304] Shioris-MacBook-Air/INFO/locust.runners: Ramping to 5 users at a rate of 1.00 per second
[2024-08-07 21:17:36,304] Shioris-MacBook-Air/DEBUG/locust.runners: Ramping to {"MyWebUser": 1} (1 total users)
[2024-08-07 21:17:36,304] Shioris-MacBook-Air/DEBUG/locust.runners: Spawning additional {"MyWebUser": 1} ({"MyWebUser": 0} already running)...
[2024-08-07 21:17:36,304] Shioris-MacBook-Air/DEBUG/locust.runners: 1 users spawned
[2024-08-07 21:17:36,304] Shioris-MacBook-Air/DEBUG/locust.runners: All users of class MyWebUser spawned
[2024-08-07 21:17:36,304] Shioris-MacBook-Air/DEBUG/locust.runners: 0 users have been stopped, 1 still running
[2024-08-07 21:17:37,308] Shioris-MacBook-Air/DEBUG/locust.runners: Ramping to {"MyWebUser": 2} (2 total users)
[2024-08-07 21:17:37,308] Shioris-MacBook-Air/DEBUG/locust.runners: Spawning additional {"MyWebUser": 1} ({"MyWebUser": 1} already running)...
[2024-08-07 21:17:37,309] Shioris-MacBook-Air/DEBUG/locust.runners: 2 users spawned
[2024-08-07 21:17:37,309] Shioris-MacBook-Air/DEBUG/locust.runners: All users of class MyWebUser spawned
[2024-08-07 21:17:37,309] Shioris-MacBook-Air/DEBUG/locust.runners: 0 users have been stopped, 2 still running
[2024-08-07 21:17:38,313] Shioris-MacBook-Air/DEBUG/locust.runners: Ramping to {"MyWebUser": 3} (3 total users)
[2024-08-07 21:17:38,313] Shioris-MacBook-Air/DEBUG/locust.runners: Spawning additional {"MyWebUser": 1} ({"MyWebUser": 2} already running)...
[2024-08-07 21:17:38,313] Shioris-MacBook-Air/DEBUG/locust.runners: 3 users spawned
[2024-08-07 21:17:38,313] Shioris-MacBook-Air/DEBUG/locust.runners: All users of class MyWebUser spawned
[2024-08-07 21:17:38,314] Shioris-MacBook-Air/DEBUG/locust.runners: 0 users have been stopped, 3 still running
[2024-08-07 21:17:39,318] Shioris-MacBook-Air/DEBUG/locust.runners: Ramping to {"MyWebUser": 4} (4 total users)
[2024-08-07 21:17:39,318] Shioris-MacBook-Air/DEBUG/locust.runners: Spawning additional {"MyWebUser": 1} ({"MyWebUser": 3} already running)...
[2024-08-07 21:17:39,318] Shioris-MacBook-Air/DEBUG/locust.runners: 4 users spawned
[2024-08-07 21:17:39,318] Shioris-MacBook-Air/DEBUG/locust.runners: All users of class MyWebUser spawned
[2024-08-07 21:17:39,318] Shioris-MacBook-Air/DEBUG/locust.runners: 0 users have been stopped, 4 still running
[2024-08-07 21:17:40,322] Shioris-MacBook-Air/DEBUG/locust.runners: Ramping to {"MyWebUser": 5} (5 total users)
[2024-08-07 21:17:40,323] Shioris-MacBook-Air/DEBUG/locust.runners: Spawning additional {"MyWebUser": 1} ({"MyWebUser": 4} already running)...
[2024-08-07 21:17:40,323] Shioris-MacBook-Air/DEBUG/locust.runners: 5 users spawned
[2024-08-07 21:17:40,323] Shioris-MacBook-Air/DEBUG/locust.runners: All users of class MyWebUser spawned
[2024-08-07 21:17:40,323] Shioris-MacBook-Air/DEBUG/locust.runners: 0 users have been stopped, 5 still running
[2024-08-07 21:17:40,323] Shioris-MacBook-Air/INFO/locust.runners: All users spawned: {"MyWebUser": 5} (5 total users)
[2024-08-07 21:17:46,193] Shioris-MacBook-Air/INFO/locust.main: --run-time limit reached, shutting down
[2024-08-07 21:17:46,227] Shioris-MacBook-Air/DEBUG/locust.runners: Stopping all users (called from /Users/shiorichiku/Documents/meeco/dev/LearnLocust/env/lib/python3.12/site-packages/locust/runners.py:551)
[2024-08-07 21:17:46,228] Shioris-MacBook-Air/DEBUG/locust.runners: Stopping Greenlet-0
[2024-08-07 21:17:46,228] Shioris-MacBook-Air/DEBUG/locust.runners: Stopping Greenlet-1
[2024-08-07 21:17:46,228] Shioris-MacBook-Air/DEBUG/locust.runners: Stopping Greenlet-2
[2024-08-07 21:17:46,228] Shioris-MacBook-Air/DEBUG/locust.runners: Stopping Greenlet-3
[2024-08-07 21:17:46,228] Shioris-MacBook-Air/DEBUG/locust.runners: Stopping Greenlet-4
[2024-08-07 21:17:46,228] Shioris-MacBook-Air/DEBUG/locust.runners: 5 users have been stopped, 0 still running
[2024-08-07 21:17:46,228] Shioris-MacBook-Air/DEBUG/locust.main: Running teardowns...
[2024-08-07 21:17:46,228] Shioris-MacBook-Air/INFO/locust.main: Shutting down (exit code 0)
[2024-08-07 21:17:46,228] Shioris-MacBook-Air/DEBUG/locust.main: Cleaning up runner...
[2024-08-07 21:18:53,595] Shioris-MacBook-Air/INFO/locust.main: Run time limit set to 10 seconds
[2024-08-07 21:18:53,595] Shioris-MacBook-Air/INFO/locust.main: Starting Locust 2.31.2
[2024-08-07 21:18:53,595] Shioris-MacBook-Air/INFO/locust.runners: Ramping to 1 users at a rate of 1.00 per second
[2024-08-07 21:18:53,595] Shioris-MacBook-Air/DEBUG/locust.runners: Ramping to {"MyWebUser": 1} (1 total users)
[2024-08-07 21:18:53,595] Shioris-MacBook-Air/DEBUG/locust.runners: Spawning additional {"MyWebUser": 1} ({"MyWebUser": 0} already running)...
[2024-08-07 21:18:53,595] Shioris-MacBook-Air/DEBUG/locust.runners: 1 users spawned
[2024-08-07 21:18:53,595] Shioris-MacBook-Air/DEBUG/locust.runners: All users of class MyWebUser spawned
[2024-08-07 21:18:53,595] Shioris-MacBook-Air/DEBUG/locust.runners: 0 users have been stopped, 1 still running
[2024-08-07 21:18:53,595] Shioris-MacBook-Air/INFO/locust.runners: All users spawned: {"MyWebUser": 1} (1 total users)
[2024-08-07 21:19:03,483] Shioris-MacBook-Air/INFO/locust.main: --run-time limit reached, shutting down
[2024-08-07 21:19:03,517] Shioris-MacBook-Air/DEBUG/locust.runners: Stopping all users (called from /Users/shiorichiku/Documents/meeco/dev/LearnLocust/env/lib/python3.12/site-packages/locust/runners.py:551)
[2024-08-07 21:19:03,517] Shioris-MacBook-Air/DEBUG/locust.runners: Stopping Greenlet-0
[2024-08-07 21:19:03,518] Shioris-MacBook-Air/DEBUG/locust.runners: 1 users have been stopped, 0 still running
[2024-08-07 21:19:03,518] Shioris-MacBook-Air/DEBUG/locust.main: Running teardowns...
[2024-08-07 21:19:03,518] Shioris-MacBook-Air/INFO/locust.main: Shutting down (exit code 0)
[2024-08-07 21:19:03,518] Shioris-MacBook-Air/DEBUG/locust.main: Cleaning up runner...
